  MyForm.cpp
C:\Dev\VS22_projects\Sudoku1\Sudoku1\MyForm.h(2981,15): warning C4244: 'argument': conversion from 'time_t' to 'unsigned int', possible loss of data
C:\Dev\VS22_projects\Sudoku1\Sudoku1\MyForm.h(3075,17): warning C4805: '!=': unsafe mix of type 'boolean' and type 'bool' in operation
C:\Dev\VS22_projects\Sudoku1\Sudoku1\MyForm.h(3102,17): warning C4805: '!=': unsafe mix of type 'boolean' and type 'bool' in operation
C:\Dev\VS22_projects\Sudoku1\Sudoku1\MyForm.h(3113,17): warning C4805: '!=': unsafe mix of type 'boolean' and type 'bool' in operation
C:\Dev\VS22_projects\Sudoku1\Sudoku1\MyForm.h(3124,17): warning C4805: '!=': unsafe mix of type 'boolean' and type 'bool' in operation
C:\Dev\VS22_projects\Sudoku1\Sudoku1\MyForm.h(3135,17): warning C4805: '!=': unsafe mix of type 'boolean' and type 'bool' in operation
C:\Dev\VS22_projects\Sudoku1\Sudoku1\MyForm.h(3146,17): warning C4805: '!=': unsafe mix of type 'boolean' and type 'bool' in operation
C:\Dev\VS22_projects\Sudoku1\Sudoku1\MyForm.h(3157,17): warning C4805: '!=': unsafe mix of type 'boolean' and type 'bool' in operation
C:\Dev\VS22_projects\Sudoku1\Sudoku1\MyForm.h(3168,17): warning C4805: '!=': unsafe mix of type 'boolean' and type 'bool' in operation
C:\Dev\VS22_projects\Sudoku1\Sudoku1\MyForm.h(3179,17): warning C4805: '!=': unsafe mix of type 'boolean' and type 'bool' in operation
C:\Dev\VS22_projects\Sudoku1\Sudoku1\MyForm.h(3190,17): warning C4805: '!=': unsafe mix of type 'boolean' and type 'bool' in operation
C:\Dev\VS22_projects\Sudoku1\Sudoku1\MyForm.h(3201,17): warning C4805: '!=': unsafe mix of type 'boolean' and type 'bool' in operation
C:\Dev\VS22_projects\Sudoku1\Sudoku1\MyForm.h(3212,17): warning C4805: '!=': unsafe mix of type 'boolean' and type 'bool' in operation
C:\Dev\VS22_projects\Sudoku1\Sudoku1\MyForm.h(3223,17): warning C4805: '!=': unsafe mix of type 'boolean' and type 'bool' in operation
C:\Dev\VS22_projects\Sudoku1\Sudoku1\MyForm.h(3234,17): warning C4805: '!=': unsafe mix of type 'boolean' and type 'bool' in operation
C:\Dev\VS22_projects\Sudoku1\Sudoku1\MyForm.h(3245,17): warning C4805: '!=': unsafe mix of type 'boolean' and type 'bool' in operation
C:\Dev\VS22_projects\Sudoku1\Sudoku1\MyForm.h(3256,17): warning C4805: '!=': unsafe mix of type 'boolean' and type 'bool' in operation
C:\Dev\VS22_projects\Sudoku1\Sudoku1\MyForm.h(3267,17): warning C4805: '!=': unsafe mix of type 'boolean' and type 'bool' in operation
C:\Dev\VS22_projects\Sudoku1\Sudoku1\MyForm.h(3278,17): warning C4805: '!=': unsafe mix of type 'boolean' and type 'bool' in operation
C:\Dev\VS22_projects\Sudoku1\Sudoku1\MyForm.h(3289,17): warning C4805: '!=': unsafe mix of type 'boolean' and type 'bool' in operation
C:\Dev\VS22_projects\Sudoku1\Sudoku1\MyForm.h(3300,17): warning C4805: '!=': unsafe mix of type 'boolean' and type 'bool' in operation
C:\Dev\VS22_projects\Sudoku1\Sudoku1\MyForm.h(3311,17): warning C4805: '!=': unsafe mix of type 'boolean' and type 'bool' in operation
C:\Dev\VS22_projects\Sudoku1\Sudoku1\MyForm.h(3322,17): warning C4805: '!=': unsafe mix of type 'boolean' and type 'bool' in operation
C:\Dev\VS22_projects\Sudoku1\Sudoku1\MyForm.h(3333,17): warning C4805: '!=': unsafe mix of type 'boolean' and type 'bool' in operation
C:\Dev\VS22_projects\Sudoku1\Sudoku1\MyForm.h(3344,17): warning C4805: '!=': unsafe mix of type 'boolean' and type 'bool' in operation
C:\Dev\VS22_projects\Sudoku1\Sudoku1\MyForm.h(3355,17): warning C4805: '!=': unsafe mix of type 'boolean' and type 'bool' in operation
C:\Dev\VS22_projects\Sudoku1\Sudoku1\MyForm.h(3366,17): warning C4805: '!=': unsafe mix of type 'boolean' and type 'bool' in operation
C:\Dev\VS22_projects\Sudoku1\Sudoku1\MyForm.h(3377,17): warning C4805: '!=': unsafe mix of type 'boolean' and type 'bool' in operation
C:\Dev\VS22_projects\Sudoku1\Sudoku1\MyForm.h(3388,17): warning C4805: '!=': unsafe mix of type 'boolean' and type 'bool' in operation
C:\Dev\VS22_projects\Sudoku1\Sudoku1\MyForm.h(3399,17): warning C4805: '!=': unsafe mix of type 'boolean' and type 'bool' in operation
C:\Dev\VS22_projects\Sudoku1\Sudoku1\MyForm.h(3410,17): warning C4805: '!=': unsafe mix of type 'boolean' and type 'bool' in operation
C:\Dev\VS22_projects\Sudoku1\Sudoku1\MyForm.h(3421,17): warning C4805: '!=': unsafe mix of type 'boolean' and type 'bool' in operation
C:\Dev\VS22_projects\Sudoku1\Sudoku1\MyForm.h(3432,17): warning C4805: '!=': unsafe mix of type 'boolean' and type 'bool' in operation
C:\Dev\VS22_projects\Sudoku1\Sudoku1\MyForm.h(3443,17): warning C4805: '!=': unsafe mix of type 'boolean' and type 'bool' in operation
C:\Dev\VS22_projects\Sudoku1\Sudoku1\MyForm.h(3454,17): warning C4805: '!=': unsafe mix of type 'boolean' and type 'bool' in operation
C:\Dev\VS22_projects\Sudoku1\Sudoku1\MyForm.h(3465,17): warning C4805: '!=': unsafe mix of type 'boolean' and type 'bool' in operation
C:\Dev\VS22_projects\Sudoku1\Sudoku1\MyForm.h(3476,17): warning C4805: '!=': unsafe mix of type 'boolean' and type 'bool' in operation
C:\Dev\VS22_projects\Sudoku1\Sudoku1\MyForm.h(3487,17): warning C4805: '!=': unsafe mix of type 'boolean' and type 'bool' in operation
C:\Dev\VS22_projects\Sudoku1\Sudoku1\MyForm.h(3498,17): warning C4805: '!=': unsafe mix of type 'boolean' and type 'bool' in operation
C:\Dev\VS22_projects\Sudoku1\Sudoku1\MyForm.h(3509,17): warning C4805: '!=': unsafe mix of type 'boolean' and type 'bool' in operation
C:\Dev\VS22_projects\Sudoku1\Sudoku1\MyForm.h(3520,17): warning C4805: '!=': unsafe mix of type 'boolean' and type 'bool' in operation
C:\Dev\VS22_projects\Sudoku1\Sudoku1\MyForm.h(3531,17): warning C4805: '!=': unsafe mix of type 'boolean' and type 'bool' in operation
C:\Dev\VS22_projects\Sudoku1\Sudoku1\MyForm.h(3542,17): warning C4805: '!=': unsafe mix of type 'boolean' and type 'bool' in operation
C:\Dev\VS22_projects\Sudoku1\Sudoku1\MyForm.h(3553,17): warning C4805: '!=': unsafe mix of type 'boolean' and type 'bool' in operation
C:\Dev\VS22_projects\Sudoku1\Sudoku1\MyForm.h(3564,17): warning C4805: '!=': unsafe mix of type 'boolean' and type 'bool' in operation
C:\Dev\VS22_projects\Sudoku1\Sudoku1\MyForm.h(3575,17): warning C4805: '!=': unsafe mix of type 'boolean' and type 'bool' in operation
C:\Dev\VS22_projects\Sudoku1\Sudoku1\MyForm.h(3586,17): warning C4805: '!=': unsafe mix of type 'boolean' and type 'bool' in operation
C:\Dev\VS22_projects\Sudoku1\Sudoku1\MyForm.h(3597,17): warning C4805: '!=': unsafe mix of type 'boolean' and type 'bool' in operation
C:\Dev\VS22_projects\Sudoku1\Sudoku1\MyForm.h(3608,17): warning C4805: '!=': unsafe mix of type 'boolean' and type 'bool' in operation
C:\Dev\VS22_projects\Sudoku1\Sudoku1\MyForm.h(3619,17): warning C4805: '!=': unsafe mix of type 'boolean' and type 'bool' in operation
C:\Dev\VS22_projects\Sudoku1\Sudoku1\MyForm.h(3630,17): warning C4805: '!=': unsafe mix of type 'boolean' and type 'bool' in operation
C:\Dev\VS22_projects\Sudoku1\Sudoku1\MyForm.h(3641,17): warning C4805: '!=': unsafe mix of type 'boolean' and type 'bool' in operation
C:\Dev\VS22_projects\Sudoku1\Sudoku1\MyForm.h(3652,17): warning C4805: '!=': unsafe mix of type 'boolean' and type 'bool' in operation
C:\Dev\VS22_projects\Sudoku1\Sudoku1\MyForm.h(3663,17): warning C4805: '!=': unsafe mix of type 'boolean' and type 'bool' in operation
C:\Dev\VS22_projects\Sudoku1\Sudoku1\MyForm.h(3674,17): warning C4805: '!=': unsafe mix of type 'boolean' and type 'bool' in operation
C:\Dev\VS22_projects\Sudoku1\Sudoku1\MyForm.h(3685,17): warning C4805: '!=': unsafe mix of type 'boolean' and type 'bool' in operation
C:\Dev\VS22_projects\Sudoku1\Sudoku1\MyForm.h(3696,17): warning C4805: '!=': unsafe mix of type 'boolean' and type 'bool' in operation
C:\Dev\VS22_projects\Sudoku1\Sudoku1\MyForm.h(3707,17): warning C4805: '!=': unsafe mix of type 'boolean' and type 'bool' in operation
C:\Dev\VS22_projects\Sudoku1\Sudoku1\MyForm.h(3718,17): warning C4805: '!=': unsafe mix of type 'boolean' and type 'bool' in operation
C:\Dev\VS22_projects\Sudoku1\Sudoku1\MyForm.h(3729,17): warning C4805: '!=': unsafe mix of type 'boolean' and type 'bool' in operation
C:\Dev\VS22_projects\Sudoku1\Sudoku1\MyForm.h(3740,17): warning C4805: '!=': unsafe mix of type 'boolean' and type 'bool' in operation
C:\Dev\VS22_projects\Sudoku1\Sudoku1\MyForm.h(3751,17): warning C4805: '!=': unsafe mix of type 'boolean' and type 'bool' in operation
C:\Dev\VS22_projects\Sudoku1\Sudoku1\MyForm.h(3762,17): warning C4805: '!=': unsafe mix of type 'boolean' and type 'bool' in operation
C:\Dev\VS22_projects\Sudoku1\Sudoku1\MyForm.h(3773,17): warning C4805: '!=': unsafe mix of type 'boolean' and type 'bool' in operation
C:\Dev\VS22_projects\Sudoku1\Sudoku1\MyForm.h(3784,17): warning C4805: '!=': unsafe mix of type 'boolean' and type 'bool' in operation
C:\Dev\VS22_projects\Sudoku1\Sudoku1\MyForm.h(3795,17): warning C4805: '!=': unsafe mix of type 'boolean' and type 'bool' in operation
C:\Dev\VS22_projects\Sudoku1\Sudoku1\MyForm.h(3806,17): warning C4805: '!=': unsafe mix of type 'boolean' and type 'bool' in operation
C:\Dev\VS22_projects\Sudoku1\Sudoku1\MyForm.h(3817,17): warning C4805: '!=': unsafe mix of type 'boolean' and type 'bool' in operation
C:\Dev\VS22_projects\Sudoku1\Sudoku1\MyForm.h(3828,17): warning C4805: '!=': unsafe mix of type 'boolean' and type 'bool' in operation
C:\Dev\VS22_projects\Sudoku1\Sudoku1\MyForm.h(3839,17): warning C4805: '!=': unsafe mix of type 'boolean' and type 'bool' in operation
C:\Dev\VS22_projects\Sudoku1\Sudoku1\MyForm.h(3850,17): warning C4805: '!=': unsafe mix of type 'boolean' and type 'bool' in operation
C:\Dev\VS22_projects\Sudoku1\Sudoku1\MyForm.h(3861,17): warning C4805: '!=': unsafe mix of type 'boolean' and type 'bool' in operation
C:\Dev\VS22_projects\Sudoku1\Sudoku1\MyForm.h(3872,17): warning C4805: '!=': unsafe mix of type 'boolean' and type 'bool' in operation
C:\Dev\VS22_projects\Sudoku1\Sudoku1\MyForm.h(3883,17): warning C4805: '!=': unsafe mix of type 'boolean' and type 'bool' in operation
C:\Dev\VS22_projects\Sudoku1\Sudoku1\MyForm.h(3894,17): warning C4805: '!=': unsafe mix of type 'boolean' and type 'bool' in operation
C:\Dev\VS22_projects\Sudoku1\Sudoku1\MyForm.h(3905,17): warning C4805: '!=': unsafe mix of type 'boolean' and type 'bool' in operation
C:\Dev\VS22_projects\Sudoku1\Sudoku1\MyForm.h(3916,17): warning C4805: '!=': unsafe mix of type 'boolean' and type 'bool' in operation
C:\Dev\VS22_projects\Sudoku1\Sudoku1\MyForm.h(3927,17): warning C4805: '!=': unsafe mix of type 'boolean' and type 'bool' in operation
C:\Dev\VS22_projects\Sudoku1\Sudoku1\MyForm.h(3938,17): warning C4805: '!=': unsafe mix of type 'boolean' and type 'bool' in operation
C:\Dev\VS22_projects\Sudoku1\Sudoku1\MyForm.h(3949,17): warning C4805: '!=': unsafe mix of type 'boolean' and type 'bool' in operation
C:\Dev\VS22_projects\Sudoku1\Sudoku1\MyForm.h(3960,17): warning C4805: '!=': unsafe mix of type 'boolean' and type 'bool' in operation
C:\Dev\VS22_projects\Sudoku1\Sudoku1\MyForm.h(3971,17): warning C4805: '!=': unsafe mix of type 'boolean' and type 'bool' in operation
C:\Dev\VS22_projects\Sudoku1\Sudoku1\MyForm.cpp(6,1): warning C4829: Possibly incorrect parameters to function main. Consider 'int main(Platform::Array<Platform::String^>^ argv)'
  MyForm.obj : MSIL module encountered; incremental linking is disabled for MSIL; performing full link
  Sudoku1.vcxproj -> C:\Dev\VS22_projects\Sudoku1\x64\Debug\Sudoku1.exe
